<?xml version="1.0" encoding="UTF-8"?>
<!-- Generated by org.testng.reporters.JUnitReportReporter -->
<testsuite hostname="lenovo" failures="0" tests="2" name="Academy.HomePage" time="111.562" errors="0" timestamp="2022-07-07T19:40:58 IST" skipped="0">
  <testcase classname="Academy.HomePage" name="basePageNavigation" time="46.755"/>
  <system-out/>
  <testcase classname="Academy.HomePage" name="basePageNavigation" time="64.807"/>
  <system-out/>
</testsuite> <!-- Academy.HomePage -->
