<?xml version="1.0" encoding="UTF-8"?>
<!-- Generated by org.testng.reporters.JUnitReportReporter -->
<testsuite hostname="lenovo" failures="0" tests="1" name="Demo" time="92.519" errors="0" timestamp="2022-07-05T16:53:28 IST" skipped="0">
  <testcase classname="Demo" name="start" time="92.519"/>
  <system-out/>
</testsuite> <!-- Demo -->
