<?xml version="1.0" encoding="UTF-8"?>
<!-- Generated by org.testng.reporters.JUnitReportReporter -->
<testsuite hostname="lenovo" failures="0" tests="3" name="Demo.ClassFour" time="0.019" errors="0" timestamp="2022-06-15T19:07:50 IST" skipped="0">
  <testcase classname="Demo.ClassFour" name="APILoginHomeLoan" time="0.013"/>
  <system-out/>
  <testcase classname="Demo.ClassFour" name="MobLoginHomeLoan" time="0.002"/>
  <system-out/>
  <testcase classname="Demo.ClassFour" name="WebLoginHomeLoan" time="0.004"/>
  <system-out/>
</testsuite> <!-- Demo.ClassFour -->
