<?xml version="1.0" encoding="UTF-8"?>
<!-- Generated by org.testng.reporters.JUnitReportReporter -->
<testsuite hostname="lenovo" failures="0" tests="1" name="Demo.ClassTwo" time="0.011" errors="0" timestamp="2022-06-15T19:07:50 IST" skipped="0">
  <testcase classname="Demo.ClassTwo" name="xMethod" time="0.011"/>
  <system-out/>
</testsuite> <!-- Demo.ClassTwo -->
