<?xml version="1.0" encoding="UTF-8"?>
<!-- Generated by org.testng.reporters.JUnitReportReporter -->
<testsuite hostname="lenovo" failures="0" tests="2" name="Demo.ClassOne" time="0.007" errors="0" timestamp="2022-06-15T19:07:50 IST" skipped="0">
  <testcase classname="Demo.ClassOne" name="Demo" time="0.002"/>
  <system-out/>
  <testcase classname="Demo.ClassOne" name="SecondTest" time="0.005"/>
  <system-out/>
</testsuite> <!-- Demo.ClassOne -->
