<?xml version="1.0" encoding="UTF-8"?>
<!-- Generated by org.testng.reporters.JUnitReportReporter -->
<testsuite hostname="lenovo" failures="0" tests="3" name="Demo.ClassThree" time="0.010" errors="0" timestamp="2022-06-15T19:07:50 IST" skipped="1">
  <testcase classname="Demo.ClassThree" name="WebLoginCarLoan" time="0.004"/>
  <system-out/>
  <testcase classname="Demo.ClassThree" name="APILoginCarLoan" time="0.006"/>
  <system-out/>
  <testcase classname="Demo.ClassThree" name="MobSignInCarLoan">
    <skipped/>
  </testcase> <!-- MobSignInCarLoan -->
  <system-out/>
</testsuite> <!-- Demo.ClassThree -->
