<?xml version="1.0" encoding="UTF-8"?>
<!-- Generated by org.testng.reporters.JUnitReportReporter -->
<testsuite hostname="lenovo" failures="0" tests="1" name="Udemy.Project.NavigationValidation" time="2.281" errors="0" timestamp="2022-08-25T21:03:09 IST" skipped="0">
  <testcase classname="Udemy.Project.NavigationValidation" name="getNav" time="2.281"/>
  <system-out/>
</testsuite> <!-- Udemy.Project.NavigationValidation -->
