<?xml version="1.0" encoding="UTF-8"?>
<!-- Generated by org.testng.reporters.JUnitReportReporter -->
<testsuite hostname="lenovo" failures="0" tests="2" name="Academy.HomePage" time="25.217" errors="0" timestamp="2022-08-25T21:35:36 IST" skipped="0">
  <testcase classname="Academy.HomePage" name="basePageNavigation" time="5.769"/>
  <system-out/>
  <testcase classname="Academy.HomePage" name="basePageNavigation" time="19.448"/>
  <system-out/>
</testsuite> <!-- Academy.HomePage -->
