<?xml version="1.0" encoding="UTF-8"?>
<!-- Generated by org.testng.reporters.JUnitReportReporter -->
<testsuite hostname="lenovo" failures="0" tests="1" name="Academy.validateNavigationBar" time="0.455" errors="0" timestamp="2022-08-25T21:35:36 IST" skipped="0">
  <testcase classname="Academy.validateNavigationBar" name="validateAppNavBar" time="0.455"/>
  <system-out/>
</testsuite> <!-- Academy.validateNavigationBar -->
