<?xml version="1.0" encoding="UTF-8"?>
<!-- Generated by org.testng.reporters.JUnitReportReporter -->
<testsuite skipped="0" hostname="lenovo" name="Academy.validateNavigationBar" tests="1" failures="0" timestamp="15 Sep 2022 15:43:30 GMT" time="0.560" errors="0">
  <testcase name="validateAppNavBar" time="0.560" classname="Academy.validateNavigationBar"/>
</testsuite> <!-- Academy.validateNavigationBar -->
