<?xml version="1.0" encoding="UTF-8"?>
<!-- Generated by org.testng.reporters.JUnitReportReporter -->
<testsuite skipped="0" hostname="lenovo" name="Academy.HomePage" tests="2" failures="0" timestamp="15 Sep 2022 15:43:30 GMT" time="52.404" errors="0">
  <testcase name="basePageNavigation" time="17.308" classname="Academy.HomePage"/>
  <testcase name="basePageNavigation" time="35.096" classname="Academy.HomePage"/>
</testsuite> <!-- Academy.HomePage -->
