<?xml version="1.0" encoding="UTF-8"?>
<!-- Generated by org.testng.reporters.JUnitReportReporter -->
<testsuite hostname="lenovo" failures="0" tests="2" name="Academy.HomePage" time="22.741" errors="0" timestamp="2022-08-25T22:28:57 IST" skipped="0">
  <testcase classname="Academy.HomePage" name="basePageNavigation" time="7.654"/>
  <system-out/>
  <testcase classname="Academy.HomePage" name="basePageNavigation" time="15.087"/>
  <system-out/>
</testsuite> <!-- Academy.HomePage -->
