<?xml version="1.0" encoding="UTF-8"?>
<!-- Generated by org.testng.reporters.JUnitReportReporter -->
<testsuite hostname="lenovo" failures="0" tests="2" name="Selenium.Maven.APITest" time="0.011" errors="0" timestamp="2022-06-22T18:08:10 IST" skipped="0">
  <testcase classname="Selenium.Maven.APITest" name="androidApp" time="0.010"/>
  <system-out/>
  <testcase classname="Selenium.Maven.APITest" name="iosApp" time="0.001"/>
  <system-out/>
</testsuite> <!-- Selenium.Maven.APITest -->
