<?xml version="1.0" encoding="UTF-8"?>
<!-- Generated by org.testng.reporters.JUnitReportReporter -->
<testsuite hostname="lenovo" failures="0" tests="2" name="Selenium.Maven.SeleniumTest" time="0.000" errors="0" timestamp="2022-06-22T17:42:05 IST" skipped="0">
  <testcase classname="Selenium.Maven.SeleniumTest" name="iosApp" time="0.000"/>
  <system-out/>
  <testcase classname="Selenium.Maven.SeleniumTest" name="androidApp" time="0.000"/>
  <system-out/>
</testsuite> <!-- Selenium.Maven.SeleniumTest -->
